<?xml version="1.0" encoding="UTF-8"?>
<!-- Generated by org.testng.reporters.JUnitReportReporter -->
<testsuite hostname="Nila" failures="0" tests="1" name="Test.TC3_4_VerifyShowAndRemoveCryptoFunctionality" time="39.327" errors="0" timestamp="2024-01-24T15:09:34 AEST" skipped="0">
  <testcase classname="Test.TC3_4_VerifyShowAndRemoveCryptoFunctionality" name="launchApp" time="39.327"/>
</testsuite> <!-- Test.TC3_4_VerifyShowAndRemoveCryptoFunctionality -->
