<?xml version="1.0" encoding="UTF-8"?>
<!-- Generated by org.testng.reporters.JUnitReportReporter -->
<testsuite hostname="Nila" failures="0" tests="1" name="Test.TC2_4_VerifyAddingExistingWalletUsingViewonlyWallet" time="16.683" errors="0" timestamp="2024-01-24T16:02:23 AEST" skipped="0">
  <testcase classname="Test.TC2_4_VerifyAddingExistingWalletUsingViewonlyWallet" name="launchApp" time="16.683"/>
</testsuite> <!-- Test.TC2_4_VerifyAddingExistingWalletUsingViewonlyWallet -->
