<?xml version="1.0" encoding="UTF-8"?>
<!-- Generated by org.testng.reporters.JUnitReportReporter -->
<testsuite hostname="Nila" failures="0" tests="1" name="Test.TC1_1_VerifyCreatewalletwithoutmanualbackup" time="15.009" errors="0" timestamp="2024-01-24T17:54:46 AEST" skipped="0">
  <testcase classname="Test.TC1_1_VerifyCreatewalletwithoutmanualbackup" name="launchApp" time="15.009"/>
</testsuite> <!-- Test.TC1_1_VerifyCreatewalletwithoutmanualbackup -->
