<?xml version="1.0" encoding="UTF-8"?>
<!-- Generated by org.testng.reporters.JUnitReportReporter -->
<testsuite hostname="Nila" failures="0" tests="1" name="com.lao.appium.android.TrustWalletAppAutomation2" time="25.544" errors="0" timestamp="2024-01-24T10:46:16 AEST" skipped="0">
  <testcase classname="com.lao.appium.android.TrustWalletAppAutomation2" name="launchApp" time="25.544"/>
</testsuite> <!-- com.lao.appium.android.TrustWalletAppAutomation2 -->
